mode: set
promptline/internal/tools/builtin.go:15.40,100.2 5 1
promptline/internal/tools/builtin.go:126.44,127.37 1 1
promptline/internal/tools/builtin.go:127.37,129.3 1 1
promptline/internal/tools/builtin.go:131.2,131.38 1 1
promptline/internal/tools/builtin.go:131.38,133.3 1 1
promptline/internal/tools/builtin.go:135.2,135.44 1 1
promptline/internal/tools/builtin.go:135.44,136.35 1 1
promptline/internal/tools/builtin.go:136.35,138.4 1 1
promptline/internal/tools/builtin.go:141.2,141.12 1 1
promptline/internal/tools/builtin.go:145.38,146.31 1 1
promptline/internal/tools/builtin.go:146.31,148.3 1 1
promptline/internal/tools/builtin.go:150.2,150.35 1 1
promptline/internal/tools/builtin.go:150.35,152.3 1 1
promptline/internal/tools/builtin.go:155.2,157.16 3 1
promptline/internal/tools/builtin.go:157.16,159.3 1 0
promptline/internal/tools/builtin.go:162.2,162.43 1 1
promptline/internal/tools/builtin.go:162.43,163.44 1 1
promptline/internal/tools/builtin.go:163.44,165.4 1 1
promptline/internal/tools/builtin.go:168.2,168.12 1 1
promptline/internal/tools/builtin.go:173.70,175.2 1 1
promptline/internal/tools/builtin.go:177.71,179.9 2 1
promptline/internal/tools/builtin.go:179.9,181.3 1 0
promptline/internal/tools/builtin.go:184.2,184.49 1 1
promptline/internal/tools/builtin.go:184.49,186.3 1 0
promptline/internal/tools/builtin.go:189.2,195.43 5 1
promptline/internal/tools/builtin.go:195.43,197.3 1 0
promptline/internal/tools/builtin.go:199.2,199.16 1 1
promptline/internal/tools/builtin.go:199.16,201.3 1 1
promptline/internal/tools/builtin.go:203.2,203.28 1 1
promptline/internal/tools/builtin.go:206.60,208.9 2 1
promptline/internal/tools/builtin.go:208.9,210.3 1 0
promptline/internal/tools/builtin.go:213.2,213.43 1 1
promptline/internal/tools/builtin.go:213.43,215.3 1 1
promptline/internal/tools/builtin.go:218.2,219.16 2 1
promptline/internal/tools/builtin.go:219.16,221.3 1 1
promptline/internal/tools/builtin.go:223.2,223.29 1 1
promptline/internal/tools/builtin.go:226.61,228.9 2 1
promptline/internal/tools/builtin.go:228.9,230.3 1 0
promptline/internal/tools/builtin.go:232.2,233.9 2 1
promptline/internal/tools/builtin.go:233.9,235.3 1 0
promptline/internal/tools/builtin.go:238.2,238.43 1 1
promptline/internal/tools/builtin.go:238.43,240.3 1 0
promptline/internal/tools/builtin.go:243.2,243.66 1 1
promptline/internal/tools/builtin.go:243.66,245.3 1 1
promptline/internal/tools/builtin.go:247.2,247.82 1 1
promptline/internal/tools/builtin.go:250.65,253.23 2 1
promptline/internal/tools/builtin.go:253.23,255.3 1 0
promptline/internal/tools/builtin.go:258.2,258.17 1 1
promptline/internal/tools/builtin.go:258.17,259.44 1 1
promptline/internal/tools/builtin.go:259.44,261.4 1 0
promptline/internal/tools/builtin.go:265.2,266.54 2 1
promptline/internal/tools/builtin.go:266.54,268.3 1 0
promptline/internal/tools/builtin.go:271.2,272.57 2 1
promptline/internal/tools/builtin.go:272.57,274.3 1 0
promptline/internal/tools/builtin.go:277.2,278.16 2 1
promptline/internal/tools/builtin.go:278.16,280.3 1 0
promptline/internal/tools/builtin.go:282.2,282.19 1 1
promptline/internal/tools/builtin.go:282.19,284.3 1 0
promptline/internal/tools/builtin.go:286.2,288.15 2 1
promptline/internal/tools/builtin.go:288.15,290.86 1 0
promptline/internal/tools/builtin.go:290.86,291.18 1 0
promptline/internal/tools/builtin.go:291.18,293.5 1 0
promptline/internal/tools/builtin.go:296.4,296.90 1 0
promptline/internal/tools/builtin.go:296.90,297.21 1 0
promptline/internal/tools/builtin.go:297.21,299.6 1 0
promptline/internal/tools/builtin.go:300.5,300.15 1 0
promptline/internal/tools/builtin.go:304.4,305.14 2 0
promptline/internal/tools/builtin.go:308.3,308.17 1 0
promptline/internal/tools/builtin.go:308.17,310.4 1 0
promptline/internal/tools/builtin.go:311.8,314.17 2 1
promptline/internal/tools/builtin.go:314.17,316.4 1 0
promptline/internal/tools/builtin.go:318.3,318.33 1 1
promptline/internal/tools/builtin.go:318.33,320.59 1 1
promptline/internal/tools/builtin.go:320.59,321.13 1 0
promptline/internal/tools/builtin.go:325.4,327.18 3 1
promptline/internal/tools/builtin.go:327.18,329.13 2 0
promptline/internal/tools/builtin.go:332.4,332.47 1 1
promptline/internal/tools/builtin.go:336.2,337.18 2 1
promptline/internal/tools/builtin.go:337.18,339.3 1 1
promptline/internal/tools/builtin.go:341.2,341.20 1 1
promptline/internal/tools/builtin.go:345.95,348.16 2 1
promptline/internal/tools/builtin.go:348.16,350.3 1 0
promptline/internal/tools/builtin.go:353.2,354.18 2 1
promptline/internal/tools/builtin.go:354.18,356.3 1 0
promptline/internal/tools/builtin.go:356.8,356.44 1 1
promptline/internal/tools/builtin.go:356.44,358.3 1 0
promptline/internal/tools/builtin.go:361.2,371.43 4 1
promptline/internal/tools/builtin.go:375.37,377.18 2 1
promptline/internal/tools/builtin.go:377.18,379.3 1 1
promptline/internal/tools/builtin.go:381.2,382.46 2 0
promptline/internal/tools/builtin.go:382.46,385.3 2 0
promptline/internal/tools/builtin.go:387.2,388.71 2 0
promptline/internal/tools/tools.go:69.30,71.2 1 1
promptline/internal/tools/tools.go:74.53,86.2 5 1
promptline/internal/tools/tools.go:89.45,93.44 4 1
promptline/internal/tools/tools.go:93.44,96.3 1 1
promptline/internal/tools/tools.go:100.47,103.28 3 1
promptline/internal/tools/tools.go:103.28,105.10 2 1
promptline/internal/tools/tools.go:105.10,107.4 1 0
promptline/internal/tools/tools.go:108.3,108.28 1 1
promptline/internal/tools/tools.go:108.28,110.4 1 1
promptline/internal/tools/tools.go:111.3,111.40 1 1
promptline/internal/tools/tools.go:111.40,113.4 1 1
promptline/internal/tools/tools.go:114.3,114.29 1 1
promptline/internal/tools/tools.go:119.29,121.2 1 1
promptline/internal/tools/tools.go:124.54,126.29 2 1
promptline/internal/tools/tools.go:126.29,128.3 1 1
promptline/internal/tools/tools.go:129.2,130.31 2 1
promptline/internal/tools/tools.go:130.31,132.3 1 1
promptline/internal/tools/tools.go:133.2,136.3 1 1
promptline/internal/tools/tools.go:140.44,144.28 4 1
promptline/internal/tools/tools.go:144.28,146.3 1 1
promptline/internal/tools/tools.go:147.2,147.14 1 1
promptline/internal/tools/tools.go:151.48,155.31 4 1
promptline/internal/tools/tools.go:155.31,164.3 1 1
promptline/internal/tools/tools.go:165.2,165.13 1 1
promptline/internal/tools/tools.go:169.86,171.2 1 1
promptline/internal/tools/tools.go:174.118,180.13 3 1
promptline/internal/tools/tools.go:180.13,184.3 3 1
promptline/internal/tools/tools.go:186.2,186.17 1 1
promptline/internal/tools/tools.go:186.17,188.20 2 1
promptline/internal/tools/tools.go:188.20,192.4 3 1
promptline/internal/tools/tools.go:193.3,193.31 1 1
promptline/internal/tools/tools.go:193.31,197.4 3 1
promptline/internal/tools/tools.go:200.2,201.15 2 1
promptline/internal/tools/tools.go:205.76,207.2 1 1
promptline/internal/tools/tools.go:210.108,212.35 2 1
promptline/internal/tools/tools.go:212.35,213.80 1 1
promptline/internal/tools/tools.go:213.80,219.4 1 1
promptline/internal/tools/tools.go:221.2,222.16 2 1
promptline/internal/tools/tools.go:222.16,229.3 2 1
promptline/internal/tools/tools.go:230.2,230.47 1 1
promptline/internal/tools/tools.go:234.69,241.2 6 1
promptline/internal/tools/tools.go:244.58,250.2 5 1
promptline/internal/tools/tools.go:253.70,259.2 5 1
promptline/internal/tools/tools.go:262.58,264.2 1 1
promptline/internal/tools/tools.go:267.55,272.2 4 1
promptline/internal/tools/tools.go:275.58,278.41 3 1
promptline/internal/tools/tools.go:278.41,280.3 1 1
promptline/internal/tools/tools.go:282.2,282.62 1 1
promptline/internal/tools/tools.go:286.91,288.38 2 0
promptline/internal/tools/tools.go:288.38,290.99 2 0
promptline/internal/tools/tools.go:290.99,292.30 2 0
promptline/internal/tools/tools.go:292.30,294.2 1 0
promptline/internal/tools/tools.go:295.1,295.36 1 0
promptline/internal/tools/tools.go:296.7,298.2 1 0
promptline/internal/tools/tools.go:301.1,302.18 2 0
promptline/internal/tools/tools.go:302.18,304.2 1 0
promptline/internal/tools/tools.go:304.7,306.2 1 0
promptline/internal/tools/tools.go:308.1,308.24 1 0
promptline/internal/tools/tools.go:308.24,310.2 1 0
promptline/internal/tools/tools.go:310.7,312.41 2 0
promptline/internal/tools/tools.go:312.41,314.2 1 0
promptline/internal/tools/tools.go:315.1,315.64 1 0
promptline/internal/tools/tools.go:317.1,317.19 1 0
