mode: set
promptline/internal/chat/session.go:30.46,33.22 2 1
promptline/internal/chat/session.go:33.22,37.3 2 0
promptline/internal/chat/session.go:39.2,63.13 8 1
promptline/internal/chat/session.go:67.52,74.2 3 1
promptline/internal/chat/session.go:77.84,85.2 3 1
promptline/internal/chat/session.go:88.88,97.25 4 1
promptline/internal/chat/session.go:97.25,99.3 1 1
promptline/internal/chat/session.go:100.2,101.56 2 1
promptline/internal/chat/session.go:101.56,103.3 1 1
promptline/internal/chat/session.go:105.2,106.16 2 1
promptline/internal/chat/session.go:106.16,108.3 1 1
promptline/internal/chat/session.go:109.2,114.4 1 1
promptline/internal/chat/session.go:118.69,124.2 5 1
promptline/internal/chat/session.go:128.94,132.6 2 0
promptline/internal/chat/session.go:132.6,139.34 2 0
promptline/internal/chat/session.go:139.34,141.4 1 0
promptline/internal/chat/session.go:143.3,143.32 1 0
promptline/internal/chat/session.go:143.32,145.4 1 0
promptline/internal/chat/session.go:147.3,148.17 2 0
promptline/internal/chat/session.go:148.17,150.4 1 0
promptline/internal/chat/session.go:152.3,156.35 3 0
promptline/internal/chat/session.go:156.35,158.4 1 0
promptline/internal/chat/session.go:161.3,161.47 1 0
promptline/internal/chat/session.go:161.47,164.4 2 0
promptline/internal/chat/session.go:171.62,173.2 1 0
promptline/internal/chat/session.go:194.133,197.40 2 1
promptline/internal/chat/session.go:197.40,199.3 1 1
promptline/internal/chat/session.go:201.2,208.33 2 1
promptline/internal/chat/session.go:208.33,210.3 1 0
promptline/internal/chat/session.go:212.2,212.31 1 1
promptline/internal/chat/session.go:212.31,214.3 1 0
promptline/internal/chat/session.go:216.2,217.16 2 1
promptline/internal/chat/session.go:217.16,220.3 2 1
promptline/internal/chat/session.go:221.2,227.6 5 0
promptline/internal/chat/session.go:227.6,228.10 1 0
promptline/internal/chat/session.go:229.21,231.10 2 0
promptline/internal/chat/session.go:232.11,234.18 2 0
promptline/internal/chat/session.go:234.18,235.22 1 0
promptline/internal/chat/session.go:235.22,241.38 3 0
promptline/internal/chat/session.go:241.38,244.7 2 0
promptline/internal/chat/session.go:245.6,245.12 1 0
promptline/internal/chat/session.go:247.5,248.11 2 0
promptline/internal/chat/session.go:251.4,251.34 1 0
promptline/internal/chat/session.go:251.34,252.13 1 0
promptline/internal/chat/session.go:255.4,256.27 2 0
promptline/internal/chat/session.go:256.27,260.5 3 0
promptline/internal/chat/session.go:262.4,262.39 1 0
promptline/internal/chat/session.go:262.39,264.21 2 0
promptline/internal/chat/session.go:264.21,266.6 1 0
promptline/internal/chat/session.go:273.142,275.9 2 1
promptline/internal/chat/session.go:275.9,283.3 1 1
promptline/internal/chat/session.go:284.2,284.57 1 1
promptline/internal/chat/session.go:284.57,286.3 1 0
promptline/internal/chat/session.go:288.2,289.9 2 1
promptline/internal/chat/session.go:289.9,292.3 2 1
promptline/internal/chat/session.go:293.2,296.14 3 1
promptline/internal/chat/session.go:300.122,302.33 2 1
promptline/internal/chat/session.go:302.33,304.46 2 1
promptline/internal/chat/session.go:304.46,306.4 1 1
promptline/internal/chat/session.go:307.3,310.48 2 1
promptline/internal/chat/session.go:310.48,311.12 1 1
promptline/internal/chat/session.go:314.3,315.20 2 1
promptline/internal/chat/session.go:315.20,317.4 1 1
promptline/internal/chat/session.go:317.9,317.39 1 1
promptline/internal/chat/session.go:317.39,319.4 1 1
promptline/internal/chat/session.go:320.3,321.31 2 1
promptline/internal/chat/session.go:321.31,323.4 1 1
promptline/internal/chat/session.go:324.3,324.41 1 1
promptline/internal/chat/session.go:326.2,326.19 1 1
promptline/internal/chat/session.go:330.93,332.2 1 0
promptline/internal/chat/session.go:334.101,339.28 4 0
promptline/internal/chat/session.go:339.28,340.21 1 0
promptline/internal/chat/session.go:341.27,342.28 1 0
promptline/internal/chat/session.go:343.28,344.29 1 0
promptline/internal/chat/session.go:344.29,345.13 1 0
promptline/internal/chat/session.go:347.4,351.43 4 0
promptline/internal/chat/session.go:352.25,353.20 1 0
promptline/internal/chat/session.go:357.2,358.12 2 0
promptline/internal/chat/session.go:362.34,367.2 4 1
promptline/internal/chat/session.go:370.63,373.26 3 1
promptline/internal/chat/session.go:373.26,375.3 1 1
promptline/internal/chat/session.go:376.2,376.23 1 1
promptline/internal/chat/session.go:380.66,388.41 4 1
promptline/internal/chat/session.go:388.41,390.3 1 0
promptline/internal/chat/session.go:392.2,393.16 2 1
promptline/internal/chat/session.go:393.16,395.3 1 0
promptline/internal/chat/session.go:396.2,400.54 3 1
promptline/internal/chat/session.go:400.54,401.52 1 1
promptline/internal/chat/session.go:401.52,403.4 1 0
promptline/internal/chat/session.go:406.2,407.12 2 1
promptline/internal/chat/session.go:411.80,416.16 4 1
promptline/internal/chat/session.go:416.16,417.25 1 1
promptline/internal/chat/session.go:417.25,419.4 1 1
promptline/internal/chat/session.go:420.3,420.13 1 0
promptline/internal/chat/session.go:422.2,427.6 4 1
promptline/internal/chat/session.go:427.6,429.46 2 1
promptline/internal/chat/session.go:429.46,430.21 1 1
promptline/internal/chat/session.go:430.21,431.10 1 1
promptline/internal/chat/session.go:433.4,433.14 1 1
promptline/internal/chat/session.go:435.3,435.35 1 1
promptline/internal/chat/session.go:439.2,439.46 1 1
promptline/internal/chat/session.go:439.46,441.3 1 1
promptline/internal/chat/session.go:444.2,449.12 3 1
promptline/internal/chat/session.go:453.34,455.43 2 1
promptline/internal/chat/session.go:455.43,457.19 2 1
promptline/internal/chat/session.go:458.37,459.19 1 1
promptline/internal/chat/session.go:460.35,461.17 1 1
promptline/internal/chat/session.go:462.40,463.22 1 0
promptline/internal/chat/session.go:464.35,465.17 1 0
promptline/internal/chat/session.go:467.3,467.44 1 1
promptline/internal/chat/session.go:469.2,469.36 1 1
promptline/internal/chat/session.go:474.100,476.2 1 1
promptline/internal/chat/session.go:479.33,481.2 1 1
