mode: set
promptline/internal/chat/session.go:34.46,37.22 2 0
promptline/internal/chat/session.go:37.22,41.3 2 0
promptline/internal/chat/session.go:43.2,53.16 3 0
promptline/internal/chat/session.go:53.16,54.13 1 0
promptline/internal/chat/session.go:58.2,82.13 7 0
promptline/internal/chat/session.go:86.52,93.2 3 1
promptline/internal/chat/session.go:96.84,104.2 3 1
promptline/internal/chat/session.go:107.88,116.25 4 1
promptline/internal/chat/session.go:116.25,118.3 1 1
promptline/internal/chat/session.go:119.2,120.56 2 1
promptline/internal/chat/session.go:120.56,122.3 1 1
promptline/internal/chat/session.go:124.2,125.16 2 1
promptline/internal/chat/session.go:125.16,127.3 1 1
promptline/internal/chat/session.go:128.2,133.4 1 1
promptline/internal/chat/session.go:137.69,143.2 5 1
promptline/internal/chat/session.go:146.94,155.33 3 0
promptline/internal/chat/session.go:155.33,157.3 1 0
promptline/internal/chat/session.go:159.2,159.31 1 0
promptline/internal/chat/session.go:159.31,161.3 1 0
promptline/internal/chat/session.go:163.2,164.16 2 0
promptline/internal/chat/session.go:164.16,166.3 1 0
promptline/internal/chat/session.go:168.2,170.30 3 0
promptline/internal/chat/session.go:174.62,176.2 1 0
promptline/internal/chat/session.go:197.133,200.40 2 0
promptline/internal/chat/session.go:200.40,202.3 1 0
promptline/internal/chat/session.go:204.2,211.33 2 0
promptline/internal/chat/session.go:211.33,213.3 1 0
promptline/internal/chat/session.go:215.2,215.31 1 0
promptline/internal/chat/session.go:215.31,217.3 1 0
promptline/internal/chat/session.go:219.2,220.16 2 0
promptline/internal/chat/session.go:220.16,223.3 2 0
promptline/internal/chat/session.go:224.2,230.6 5 0
promptline/internal/chat/session.go:230.6,231.10 1 0
promptline/internal/chat/session.go:232.21,234.10 2 0
promptline/internal/chat/session.go:235.11,237.18 2 0
promptline/internal/chat/session.go:237.18,238.22 1 0
promptline/internal/chat/session.go:238.22,244.38 3 0
promptline/internal/chat/session.go:244.38,247.7 2 0
promptline/internal/chat/session.go:248.6,248.12 1 0
promptline/internal/chat/session.go:250.5,251.11 2 0
promptline/internal/chat/session.go:254.4,254.34 1 0
promptline/internal/chat/session.go:254.34,255.13 1 0
promptline/internal/chat/session.go:258.4,259.27 2 0
promptline/internal/chat/session.go:259.27,263.5 3 0
promptline/internal/chat/session.go:265.4,265.39 1 0
promptline/internal/chat/session.go:265.39,267.21 2 0
promptline/internal/chat/session.go:267.21,269.6 1 0
promptline/internal/chat/session.go:276.142,278.9 2 1
promptline/internal/chat/session.go:278.9,286.3 1 1
promptline/internal/chat/session.go:287.2,287.57 1 1
promptline/internal/chat/session.go:287.57,289.3 1 0
promptline/internal/chat/session.go:291.2,292.9 2 1
promptline/internal/chat/session.go:292.9,295.3 2 1
promptline/internal/chat/session.go:296.2,299.14 3 1
promptline/internal/chat/session.go:303.122,305.33 2 1
promptline/internal/chat/session.go:305.33,307.46 2 1
promptline/internal/chat/session.go:307.46,309.4 1 1
promptline/internal/chat/session.go:310.3,313.48 2 1
promptline/internal/chat/session.go:313.48,314.12 1 1
promptline/internal/chat/session.go:317.3,318.20 2 1
promptline/internal/chat/session.go:318.20,320.4 1 1
promptline/internal/chat/session.go:320.9,320.39 1 1
promptline/internal/chat/session.go:320.39,322.4 1 0
promptline/internal/chat/session.go:323.3,324.31 2 1
promptline/internal/chat/session.go:324.31,326.4 1 1
promptline/internal/chat/session.go:327.3,327.41 1 1
promptline/internal/chat/session.go:329.2,329.19 1 1
promptline/internal/chat/session.go:333.93,335.2 1 0
promptline/internal/chat/session.go:337.101,342.28 4 0
promptline/internal/chat/session.go:342.28,343.21 1 0
promptline/internal/chat/session.go:344.27,345.28 1 0
promptline/internal/chat/session.go:346.28,347.29 1 0
promptline/internal/chat/session.go:347.29,348.13 1 0
promptline/internal/chat/session.go:350.4,354.43 4 0
promptline/internal/chat/session.go:355.25,356.20 1 0
promptline/internal/chat/session.go:360.2,361.12 2 0
promptline/internal/chat/session.go:365.46,371.16 4 0
promptline/internal/chat/session.go:371.16,373.3 1 0
promptline/internal/chat/session.go:376.2,396.33 4 0
promptline/internal/chat/session.go:396.33,398.3 1 0
promptline/internal/chat/session.go:400.2,400.31 1 0
promptline/internal/chat/session.go:400.31,402.3 1 0
promptline/internal/chat/session.go:402.8,405.3 1 0
promptline/internal/chat/session.go:408.2,409.16 2 0
promptline/internal/chat/session.go:409.16,411.3 1 0
promptline/internal/chat/session.go:414.2,425.12 10 0
promptline/internal/chat/session.go:429.34,434.2 4 1
promptline/internal/chat/session.go:437.63,440.26 3 1
promptline/internal/chat/session.go:440.26,442.3 1 1
promptline/internal/chat/session.go:443.2,443.23 1 1
promptline/internal/chat/session.go:447.46,449.16 2 0
promptline/internal/chat/session.go:449.16,450.35 1 0
promptline/internal/chat/session.go:450.35,452.4 1 0
promptline/internal/chat/session.go:452.9,452.27 1 0
promptline/internal/chat/session.go:452.27,454.4 1 0
promptline/internal/chat/session.go:455.3,455.17 1 0
promptline/internal/chat/session.go:459.2,460.16 2 0
promptline/internal/chat/session.go:460.16,463.3 2 0
promptline/internal/chat/session.go:465.2,465.18 1 0
promptline/internal/chat/session.go:469.34,471.43 2 0
promptline/internal/chat/session.go:471.43,473.19 2 0
promptline/internal/chat/session.go:474.37,475.19 1 0
promptline/internal/chat/session.go:476.35,477.17 1 0
promptline/internal/chat/session.go:478.40,479.22 1 0
promptline/internal/chat/session.go:480.35,481.17 1 0
promptline/internal/chat/session.go:483.3,483.44 1 0
promptline/internal/chat/session.go:485.2,485.36 1 0
promptline/internal/chat/session.go:489.100,491.39 2 0
promptline/internal/chat/session.go:491.39,493.101 2 0
promptline/internal/chat/session.go:493.101,495.33 2 0
promptline/internal/chat/session.go:495.33,497.5 1 0
promptline/internal/chat/session.go:498.4,498.39 1 0
promptline/internal/chat/session.go:499.9,501.4 1 0
promptline/internal/chat/session.go:504.2,505.19 2 0
promptline/internal/chat/session.go:505.19,507.3 1 0
promptline/internal/chat/session.go:507.8,509.3 1 0
promptline/internal/chat/session.go:511.2,511.25 1 0
promptline/internal/chat/session.go:511.25,513.3 1 0
promptline/internal/chat/session.go:513.8,515.3 1 0
promptline/internal/chat/session.go:516.2,516.20 1 0
promptline/internal/chat/session.go:520.33,521.17 1 0
promptline/internal/chat/session.go:521.17,523.3 1 0
promptline/internal/chat/session.go:524.2,524.12 1 0
promptline/internal/config/config.go:27.30,34.2 3 1
promptline/internal/config/config.go:37.51,41.53 2 1
promptline/internal/config/config.go:41.53,43.3 1 1
promptline/internal/config/config.go:45.2,46.16 2 1
promptline/internal/config/config.go:46.16,48.3 1 0
promptline/internal/config/config.go:50.2,50.53 1 1
promptline/internal/config/config.go:50.53,52.3 1 0
promptline/internal/config/config.go:55.2,55.51 1 1
promptline/internal/config/config.go:55.51,57.3 1 1
promptline/internal/config/config.go:58.2,58.51 1 1
promptline/internal/config/config.go:58.51,60.3 1 1
promptline/internal/config/config.go:63.2,63.24 1 1
promptline/internal/config/config.go:63.24,65.3 1 0
promptline/internal/config/config.go:67.2,67.25 1 1
promptline/internal/config/config.go:67.25,69.3 1 0
promptline/internal/config/config.go:72.2,72.25 1 1
promptline/internal/config/config.go:72.25,74.3 1 1
promptline/internal/config/config.go:76.2,76.20 1 1
promptline/internal/config/config.go:80.44,82.26 2 1
promptline/internal/config/config.go:82.26,84.38 2 1
promptline/internal/config/config.go:84.38,86.4 1 1
promptline/internal/config/config.go:87.3,87.25 1 1
promptline/internal/config/config.go:89.2,89.40 1 1
promptline/internal/config/config.go:89.40,91.52 2 1
promptline/internal/config/config.go:91.52,93.4 1 1
promptline/internal/config/config.go:94.3,94.39 1 1
promptline/internal/config/config.go:96.2,96.15 1 1
promptline/internal/theme/theme.go:36.28,49.2 1 1
promptline/internal/theme/theme.go:52.49,56.53 2 1
promptline/internal/theme/theme.go:56.53,58.3 1 1
promptline/internal/theme/theme.go:60.2,61.16 2 1
promptline/internal/theme/theme.go:61.16,63.3 1 0
promptline/internal/theme/theme.go:65.2,65.52 1 1
promptline/internal/theme/theme.go:65.52,67.3 1 1
promptline/internal/theme/theme.go:69.2,69.19 1 1
promptline/internal/theme/theme.go:73.46,82.2 1 1
promptline/internal/theme/theme.go:85.40,94.2 1 1
promptline/internal/tools/builtin.go:13.40,98.2 5 1
promptline/internal/tools/builtin.go:102.70,104.2 1 1
promptline/internal/tools/builtin.go:106.71,108.9 2 1
promptline/internal/tools/builtin.go:108.9,110.3 1 0
promptline/internal/tools/builtin.go:112.2,114.16 3 1
promptline/internal/tools/builtin.go:114.16,116.3 1 1
promptline/internal/tools/builtin.go:118.2,118.28 1 1
promptline/internal/tools/builtin.go:121.60,123.9 2 1
promptline/internal/tools/builtin.go:123.9,125.3 1 0
promptline/internal/tools/builtin.go:127.2,129.16 3 1
promptline/internal/tools/builtin.go:129.16,131.3 1 1
promptline/internal/tools/builtin.go:133.2,133.28 1 1
promptline/internal/tools/builtin.go:136.61,138.9 2 1
promptline/internal/tools/builtin.go:138.9,140.3 1 0
promptline/internal/tools/builtin.go:142.2,143.9 2 1
promptline/internal/tools/builtin.go:143.9,145.3 1 0
promptline/internal/tools/builtin.go:147.2,149.34 3 1
promptline/internal/tools/builtin.go:149.34,151.3 1 1
promptline/internal/tools/builtin.go:153.2,153.82 1 1
promptline/internal/tools/builtin.go:156.65,159.23 2 1
promptline/internal/tools/builtin.go:159.23,161.3 1 0
promptline/internal/tools/builtin.go:164.2,165.54 2 1
promptline/internal/tools/builtin.go:165.54,167.3 1 0
promptline/internal/tools/builtin.go:170.2,171.57 2 1
promptline/internal/tools/builtin.go:171.57,173.3 1 0
promptline/internal/tools/builtin.go:176.2,177.16 2 1
promptline/internal/tools/builtin.go:177.16,179.3 1 0
promptline/internal/tools/builtin.go:181.2,181.19 1 1
promptline/internal/tools/builtin.go:181.19,183.3 1 0
promptline/internal/tools/builtin.go:185.2,187.15 2 1
promptline/internal/tools/builtin.go:187.15,189.86 1 0
promptline/internal/tools/builtin.go:189.86,190.18 1 0
promptline/internal/tools/builtin.go:190.18,192.5 1 0
promptline/internal/tools/builtin.go:195.4,195.90 1 0
promptline/internal/tools/builtin.go:195.90,196.21 1 0
promptline/internal/tools/builtin.go:196.21,198.6 1 0
promptline/internal/tools/builtin.go:199.5,199.15 1 0
promptline/internal/tools/builtin.go:203.4,204.14 2 0
promptline/internal/tools/builtin.go:207.3,207.17 1 0
promptline/internal/tools/builtin.go:207.17,209.4 1 0
promptline/internal/tools/builtin.go:210.8,213.17 2 1
promptline/internal/tools/builtin.go:213.17,215.4 1 0
promptline/internal/tools/builtin.go:217.3,217.33 1 1
promptline/internal/tools/builtin.go:217.33,219.59 1 1
promptline/internal/tools/builtin.go:219.59,220.13 1 0
promptline/internal/tools/builtin.go:224.4,226.18 3 1
promptline/internal/tools/builtin.go:226.18,228.13 2 0
promptline/internal/tools/builtin.go:231.4,231.47 1 1
promptline/internal/tools/builtin.go:235.2,236.18 2 1
promptline/internal/tools/builtin.go:236.18,238.3 1 1
promptline/internal/tools/builtin.go:240.2,240.20 1 1
promptline/internal/tools/builtin.go:244.95,247.16 2 1
promptline/internal/tools/builtin.go:247.16,249.3 1 0
promptline/internal/tools/builtin.go:252.2,253.18 2 1
promptline/internal/tools/builtin.go:253.18,255.3 1 0
promptline/internal/tools/builtin.go:255.8,255.44 1 1
promptline/internal/tools/builtin.go:255.44,257.3 1 0
promptline/internal/tools/builtin.go:260.2,270.43 4 1
promptline/internal/tools/builtin.go:274.37,276.18 2 1
promptline/internal/tools/builtin.go:276.18,278.3 1 1
promptline/internal/tools/builtin.go:280.2,281.46 2 0
promptline/internal/tools/builtin.go:281.46,284.3 2 0
promptline/internal/tools/builtin.go:286.2,287.71 2 0
promptline/internal/tools/tools.go:68.30,70.2 1 1
promptline/internal/tools/tools.go:73.53,85.2 5 1
promptline/internal/tools/tools.go:88.45,92.44 4 1
promptline/internal/tools/tools.go:92.44,95.3 1 1
promptline/internal/tools/tools.go:99.47,102.28 3 1
promptline/internal/tools/tools.go:102.28,104.10 2 1
promptline/internal/tools/tools.go:104.10,106.4 1 0
promptline/internal/tools/tools.go:107.3,107.28 1 1
promptline/internal/tools/tools.go:107.28,109.4 1 1
promptline/internal/tools/tools.go:110.3,110.40 1 1
promptline/internal/tools/tools.go:110.40,112.4 1 1
promptline/internal/tools/tools.go:113.3,113.29 1 1
promptline/internal/tools/tools.go:118.29,120.2 1 1
promptline/internal/tools/tools.go:123.54,125.29 2 1
promptline/internal/tools/tools.go:125.29,127.3 1 1
promptline/internal/tools/tools.go:128.2,129.31 2 1
promptline/internal/tools/tools.go:129.31,131.3 1 1
promptline/internal/tools/tools.go:132.2,135.3 1 1
promptline/internal/tools/tools.go:139.44,143.28 4 1
promptline/internal/tools/tools.go:143.28,145.3 1 1
promptline/internal/tools/tools.go:146.2,146.14 1 1
promptline/internal/tools/tools.go:150.48,154.31 4 1
promptline/internal/tools/tools.go:154.31,163.3 1 1
promptline/internal/tools/tools.go:164.2,164.13 1 1
promptline/internal/tools/tools.go:168.86,170.2 1 1
promptline/internal/tools/tools.go:173.118,179.13 3 1
promptline/internal/tools/tools.go:179.13,183.3 3 1
promptline/internal/tools/tools.go:185.2,185.17 1 1
promptline/internal/tools/tools.go:185.17,187.20 2 1
promptline/internal/tools/tools.go:187.20,191.4 3 1
promptline/internal/tools/tools.go:192.3,192.31 1 1
promptline/internal/tools/tools.go:192.31,196.4 3 1
promptline/internal/tools/tools.go:199.2,200.15 2 1
promptline/internal/tools/tools.go:204.76,206.2 1 1
promptline/internal/tools/tools.go:209.108,211.35 2 1
promptline/internal/tools/tools.go:211.35,212.80 1 1
promptline/internal/tools/tools.go:212.80,218.4 1 1
promptline/internal/tools/tools.go:220.2,221.16 2 1
promptline/internal/tools/tools.go:221.16,228.3 2 1
promptline/internal/tools/tools.go:229.2,229.47 1 1
promptline/internal/tools/tools.go:233.69,240.2 6 1
promptline/internal/tools/tools.go:243.58,249.2 5 1
promptline/internal/tools/tools.go:252.70,258.2 5 1
promptline/internal/tools/tools.go:261.58,263.2 1 1
promptline/internal/tools/tools.go:266.55,271.2 4 1
promptline/internal/tools/tools.go:274.58,277.41 3 1
promptline/internal/tools/tools.go:277.41,279.3 1 1
promptline/internal/tools/tools.go:281.2,281.62 1 1
promptline/cmd/promptline/main.go:26.13,35.37 5 0
promptline/cmd/promptline/main.go:35.37,38.3 2 0
promptline/cmd/promptline/main.go:41.2,41.20 1 0
promptline/cmd/promptline/main.go:44.64,47.11 2 0
promptline/cmd/promptline/main.go:47.11,49.3 1 0
promptline/cmd/promptline/main.go:52.2,53.23 2 0
promptline/cmd/promptline/main.go:53.23,56.17 3 0
promptline/cmd/promptline/main.go:56.17,58.4 1 0
promptline/cmd/promptline/main.go:59.8,61.3 1 0
promptline/cmd/promptline/main.go:64.2,64.56 1 0
promptline/cmd/promptline/main.go:67.42,72.16 3 0
promptline/cmd/promptline/main.go:72.16,74.3 1 0
promptline/cmd/promptline/main.go:77.2,82.20 4 0
promptline/cmd/promptline/main.go:82.20,91.17 6 0
promptline/cmd/promptline/main.go:91.17,94.4 2 0
promptline/cmd/promptline/main.go:96.3,102.24 2 0
promptline/cmd/promptline/main.go:105.2,105.38 1 0
promptline/cmd/promptline/main.go:105.38,107.3 1 0
promptline/cmd/promptline/main.go:110.40,115.16 3 0
promptline/cmd/promptline/main.go:115.16,117.3 1 0
promptline/cmd/promptline/main.go:120.2,121.16 2 0
promptline/cmd/promptline/main.go:121.16,123.3 1 0
promptline/cmd/promptline/main.go:124.2,132.16 5 0
promptline/cmd/promptline/main.go:132.16,134.3 1 0
promptline/cmd/promptline/main.go:135.2,143.6 5 0
promptline/cmd/promptline/main.go:143.6,145.17 2 0
promptline/cmd/promptline/main.go:145.17,148.9 2 0
promptline/cmd/promptline/main.go:151.3,152.17 2 0
promptline/cmd/promptline/main.go:152.17,153.12 1 0
promptline/cmd/promptline/main.go:156.3,159.35 2 0
promptline/cmd/promptline/main.go:159.35,160.52 1 0
promptline/cmd/promptline/main.go:160.52,162.10 1 0
promptline/cmd/promptline/main.go:164.4,164.12 1 0
promptline/cmd/promptline/main.go:168.3,168.52 1 0
promptline/cmd/promptline/main.go:171.2,171.36 1 0
promptline/cmd/promptline/main.go:175.112,181.17 4 0
promptline/cmd/promptline/main.go:182.22,183.14 1 0
promptline/cmd/promptline/main.go:184.14,185.19 1 0
promptline/cmd/promptline/main.go:186.15,188.61 2 0
promptline/cmd/promptline/main.go:189.17,190.31 1 0
promptline/cmd/promptline/main.go:191.15,193.17 2 0
promptline/cmd/promptline/main.go:193.17,195.4 1 0
promptline/cmd/promptline/main.go:195.9,197.4 1 0
promptline/cmd/promptline/main.go:198.21,199.35 1 0
promptline/cmd/promptline/main.go:200.10,201.97 1 0
promptline/cmd/promptline/main.go:204.2,204.14 1 0
promptline/cmd/promptline/main.go:207.42,216.2 8 0
promptline/cmd/promptline/main.go:218.68,220.24 2 0
promptline/cmd/promptline/main.go:220.24,223.3 2 0
promptline/cmd/promptline/main.go:225.2,226.31 2 0
promptline/cmd/promptline/main.go:226.31,227.19 1 0
promptline/cmd/promptline/main.go:228.15,229.59 1 0
promptline/cmd/promptline/main.go:230.20,231.69 1 0
promptline/cmd/promptline/main.go:232.17,233.53 1 0
promptline/cmd/promptline/main.go:236.2,236.15 1 0
promptline/cmd/promptline/main.go:239.72,243.25 3 0
promptline/cmd/promptline/main.go:243.25,246.3 2 0
promptline/cmd/promptline/main.go:248.2,252.33 4 0
promptline/cmd/promptline/main.go:252.33,255.20 3 0
promptline/cmd/promptline/main.go:255.20,257.4 1 0
promptline/cmd/promptline/main.go:258.3,259.31 2 0
promptline/cmd/promptline/main.go:259.31,261.4 1 0
promptline/cmd/promptline/main.go:262.3,262.57 1 0
promptline/cmd/promptline/main.go:264.2,265.15 2 0
promptline/cmd/promptline/main.go:269.112,286.28 8 0
promptline/cmd/promptline/main.go:286.28,287.21 1 0
promptline/cmd/promptline/main.go:288.32,291.46 2 0
promptline/cmd/promptline/main.go:293.33,295.29 1 0
promptline/cmd/promptline/main.go:295.29,310.5 7 0
promptline/cmd/promptline/main.go:312.30,315.10 3 0
promptline/cmd/promptline/main.go:319.2,326.30 4 0
promptline/docs/go-openai-example.go:12.13,28.15 7 0
promptline/docs/go-openai-example.go:28.15,34.17 3 0
promptline/docs/go-openai-example.go:34.17,36.12 2 0
promptline/docs/go-openai-example.go:38.3,40.18 3 0
